2025-10-28 00:06:27,847 | INFO | Universe size: 135
2025-10-28 00:06:27,847 | INFO | Downloading 60 tickers... attempt 1
2025-10-28 00:06:37,759 | WARNING | Download failed (attempt 1): 'Adj Close'
2025-10-28 00:06:39,764 | INFO | Downloading 60 tickers... attempt 2
2025-10-28 00:06:42,701 | WARNING | Download failed (attempt 2): 'Adj Close'
2025-10-28 00:06:46,704 | INFO | Downloading 60 tickers... attempt 3
2025-10-28 00:06:48,958 | WARNING | Download failed (attempt 3): 'Adj Close'
2025-10-28 00:11:14,352 | INFO | Universe size: 135
2025-10-28 00:11:14,357 | INFO | Downloading 60 tickers... attempt 1
2025-10-28 00:11:17,286 | INFO | Downloading 60 tickers... attempt 1
2025-10-28 00:11:19,046 | ERROR | HTTP Error 404: 
2025-10-28 00:11:19,364 | ERROR | HTTP Error 404: 
2025-10-28 00:11:19,569 | ERROR | 
2 Failed downloads:
2025-10-28 00:11:19,569 | ERROR | ['BOCH.DE', 'DOV1.MI']: YFTzMissingError('possibly delisted; no timezone found')
2025-10-28 00:11:19,753 | INFO | Downloading 15 tickers... attempt 1
2025-10-28 00:11:20,537 | ERROR | 
2 Failed downloads:
2025-10-28 00:11:20,537 | ERROR | ['ZEST.MC', 'ARCA.ST']: YFTzMissingError('possibly delisted; no timezone found')
2025-10-28 00:11:20,594 | INFO | Dropping 4 tickers with <500 days: ['BTCX.ST', 'CVC.AS', 'DN3.F', 'NOBA.ST']
2025-10-28 00:11:20,895 | INFO | Wrote prices to Investment_universe\europe_prices.csv with shape (3291, 126)
2025-10-28 00:11:21,205 | INFO | Wrote returns to Investment_universe\europe_returns.csv with shape (3290, 126)
2025-10-28 00:11:21,207 | INFO | Pipeline completed successfully.
